[01:44:09] [Client thread/INFO]: Setting user: Player453
[01:44:09] [Client thread/INFO]: (Session ID is token:0:Player453)
[01:44:09] [Client thread/INFO]: [OptiFine] *** Reflector Forge ***
[01:44:09] [Client thread/INFO]: [OptiFine] *** Reflector Vanilla ***
[01:44:09] [Client thread/INFO]: [OptiFine] (Reflector) Class not present: net.minecraftforge.fml.common.eventhandler.Event$Result
[01:44:09] [Client thread/INFO]: [OptiFine] (Reflector) Class not present: net.minecraft.launchwrapper.Launch
[01:44:09] [Client thread/INFO]: LWJGL Version: 2.9.4
[01:44:10] [Client thread/INFO]: [OptiFine] 
[01:44:10] [Client thread/INFO]: [OptiFine] OptiFine_1.8.9_HD_U_M6_pre2
[01:44:10] [Client thread/INFO]: [OptiFine] Build: null
[01:44:10] [Client thread/INFO]: [OptiFine] OS: Windows 10 (amd64) version 10.0
[01:44:10] [Client thread/INFO]: [OptiFine] Java: 1.8.0_392, Amazon.com Inc.
[01:44:10] [Client thread/INFO]: [OptiFine] VM: OpenJDK 64-Bit Server VM (mixed mode), Amazon.com Inc.
[01:44:10] [Client thread/INFO]: [OptiFine] LWJGL: 2.9.4
[01:44:10] [Client thread/INFO]: [OptiFine] OpenGL: NVIDIA GeForce RTX 2060/PCIe/SSE2, version 4.6.0 NVIDIA 537.42, NVIDIA Corporation
[01:44:10] [Client thread/INFO]: [OptiFine] OpenGL Version: 4.6.0
[01:44:10] [Client thread/INFO]: [OptiFine] Maximum texture size: 32768x32768
[01:44:10] [VersionCheck/INFO]: [OptiFine] Checking for new version
[01:44:10] [Client thread/INFO]: [Shaders] OpenGL Version: 4.6.0 NVIDIA 537.42
[01:44:10] [Client thread/INFO]: [Shaders] Vendor:  NVIDIA Corporation
[01:44:10] [Client thread/INFO]: [Shaders] Renderer: NVIDIA GeForce RTX 2060/PCIe/SSE2
[01:44:10] [Client thread/INFO]: [Shaders] Capabilities:  2.0  2.1  3.0  3.2  4.0 
[01:44:10] [Client thread/INFO]: [Shaders] GL_MAX_DRAW_BUFFERS: 8
[01:44:10] [Client thread/INFO]: [Shaders] GL_MAX_COLOR_ATTACHMENTS_EXT: 8
[01:44:10] [Client thread/INFO]: [Shaders] GL_MAX_TEXTURE_IMAGE_UNITS: 32
[01:44:10] [Client thread/INFO]: [Shaders] Load shaders configuration.
[01:44:10] [Client thread/INFO]: [Shaders] Save shaders configuration.
[01:44:10] [Client thread/INFO]: [Shaders] No shaderpack loaded.
[01:44:10] [Client thread/INFO]: [OptiFine] (Reflector) Class not present: net.minecraftforge.fml.common.Loader
[01:44:10] [Client thread/INFO]: [OptiFine] (Reflector) Class not present: net.minecraftforge.fml.client.SplashProgress
[01:44:10] [Client thread/INFO]: Reloading ResourceManager: Default
[01:44:10] [Client thread/INFO]: [OptiFine] (Reflector) Class not present: optifine.OptiFineClassTransformer
[01:44:10] [Client thread/INFO]: [OptiFine] *** Reloading textures ***
[01:44:10] [Client thread/INFO]: [OptiFine] Resource packs: Default
[01:44:10] [Client thread/INFO]: [OptiFine] (Reflector) Class not present: net.minecraftforge.client.model.Attributes
[01:44:10] [Client thread/INFO]: [OptiFine] (Reflector) Method not present: net.minecraft.client.renderer.vertex.VertexFormatElement$EnumUsage.preDraw
[01:44:10] [Client thread/INFO]: [OptiFine] (Reflector) Method not present: net.minecraft.client.renderer.vertex.VertexFormatElement$EnumUsage.postDraw
[01:44:10] [Sound Library Loader/INFO]: Starting up SoundSystem...
[01:44:10] [VersionCheck/INFO]: [OptiFine] Version found: M5
[01:44:10] [Thread-6/INFO]: Initializing LWJGL OpenAL
[01:44:10] [Thread-6/INFO]: (The LWJGL binding of OpenAL.  For more information, see http://www.lwjgl.org)
[01:44:10] [Thread-6/INFO]: OpenAL initialized.
[01:44:10] [Sound Library Loader/INFO]: Sound engine started
[01:44:14] [Client thread/INFO]: [OptiFine] (Reflector) Class not present: net.minecraftforge.client.ForgeHooksClient
[01:44:17] [Client thread/INFO]: [OptiFine] Mipmap levels: 4
[01:44:17] [Client thread/INFO]: [OptiFine] Multitexture: false
[01:44:17] [Client thread/INFO]: [OptiFine] ConnectedTextures: mcpatcher/ctm/default/0_glass_white/glass_pane_white.properties
[01:44:17] [Client thread/INFO]: [OptiFine] ConnectedTextures: mcpatcher/ctm/default/0_glass_white/glass_white.properties
[01:44:17] [Client thread/INFO]: [OptiFine] ConnectedTextures: mcpatcher/ctm/default/10_glass_purple/glass_pane_purple.properties
[01:44:17] [Client thread/INFO]: [OptiFine] ConnectedTextures: mcpatcher/ctm/default/10_glass_purple/glass_purple.properties
[01:44:17] [Client thread/INFO]: [OptiFine] ConnectedTextures: mcpatcher/ctm/default/11_glass_blue/glass_blue.properties
[01:44:17] [Client thread/INFO]: [OptiFine] ConnectedTextures: mcpatcher/ctm/default/11_glass_blue/glass_pane_blue.properties
[01:44:17] [Client thread/INFO]: [OptiFine] ConnectedTextures: mcpatcher/ctm/default/12_glass_brown/glass_brown.properties
[01:44:17] [Client thread/INFO]: [OptiFine] ConnectedTextures: mcpatcher/ctm/default/12_glass_brown/glass_pane_brown.properties
[01:44:17] [Client thread/INFO]: [OptiFine] ConnectedTextures: mcpatcher/ctm/default/13_glass_green/glass_green.properties
[01:44:17] [Client thread/INFO]: [OptiFine] ConnectedTextures: mcpatcher/ctm/default/13_glass_green/glass_pane_green.properties
[01:44:17] [Client thread/INFO]: [OptiFine] ConnectedTextures: mcpatcher/ctm/default/14_glass_red/glass_pane_red.properties
[01:44:17] [Client thread/INFO]: [OptiFine] ConnectedTextures: mcpatcher/ctm/default/14_glass_red/glass_red.properties
[01:44:17] [Client thread/INFO]: [OptiFine] ConnectedTextures: mcpatcher/ctm/default/15_glass_black/glass_black.properties
[01:44:17] [Client thread/INFO]: [OptiFine] ConnectedTextures: mcpatcher/ctm/default/15_glass_black/glass_pane_black.properties
[01:44:17] [Client thread/INFO]: [OptiFine] ConnectedTextures: mcpatcher/ctm/default/1_glass_orange/glass_orange.properties
[01:44:17] [Client thread/INFO]: [OptiFine] ConnectedTextures: mcpatcher/ctm/default/1_glass_orange/glass_pane_orange.properties
[01:44:17] [Client thread/INFO]: [OptiFine] ConnectedTextures: mcpatcher/ctm/default/2_glass_magenta/glass_magenta.properties
[01:44:17] [Client thread/INFO]: [OptiFine] ConnectedTextures: mcpatcher/ctm/default/2_glass_magenta/glass_pane_magenta.properties
[01:44:17] [Client thread/INFO]: [OptiFine] ConnectedTextures: mcpatcher/ctm/default/3_glass_light_blue/glass_light_blue.properties
[01:44:17] [Client thread/INFO]: [OptiFine] ConnectedTextures: mcpatcher/ctm/default/3_glass_light_blue/glass_pane_light_blue.properties
[01:44:17] [Client thread/INFO]: [OptiFine] ConnectedTextures: mcpatcher/ctm/default/4_glass_yellow/glass_pane_yellow.properties
[01:44:17] [Client thread/INFO]: [OptiFine] ConnectedTextures: mcpatcher/ctm/default/4_glass_yellow/glass_yellow.properties
[01:44:17] [Client thread/INFO]: [OptiFine] ConnectedTextures: mcpatcher/ctm/default/5_glass_lime/glass_lime.properties
[01:44:17] [Client thread/INFO]: [OptiFine] ConnectedTextures: mcpatcher/ctm/default/5_glass_lime/glass_pane_lime.properties
[01:44:17] [Client thread/INFO]: [OptiFine] ConnectedTextures: mcpatcher/ctm/default/6_glass_pink/glass_pane_pink.properties
[01:44:17] [Client thread/INFO]: [OptiFine] ConnectedTextures: mcpatcher/ctm/default/6_glass_pink/glass_pink.properties
[01:44:17] [Client thread/INFO]: [OptiFine] ConnectedTextures: mcpatcher/ctm/default/7_glass_gray/glass_gray.properties
[01:44:17] [Client thread/INFO]: [OptiFine] ConnectedTextures: mcpatcher/ctm/default/7_glass_gray/glass_pane_gray.properties
[01:44:17] [Client thread/INFO]: [OptiFine] ConnectedTextures: mcpatcher/ctm/default/8_glass_silver/glass_pane_silver.properties
[01:44:17] [Client thread/INFO]: [OptiFine] ConnectedTextures: mcpatcher/ctm/default/8_glass_silver/glass_silver.properties
[01:44:17] [Client thread/INFO]: [OptiFine] ConnectedTextures: mcpatcher/ctm/default/9_glass_cyan/glass_cyan.properties
[01:44:17] [Client thread/INFO]: [OptiFine] ConnectedTextures: mcpatcher/ctm/default/9_glass_cyan/glass_pane_cyan.properties
[01:44:17] [Client thread/INFO]: [OptiFine] ConnectedTextures: mcpatcher/ctm/default/bookshelf.properties
[01:44:17] [Client thread/INFO]: [OptiFine] ConnectedTextures: mcpatcher/ctm/default/glass.properties
[01:44:17] [Client thread/INFO]: [OptiFine] ConnectedTextures: mcpatcher/ctm/default/glasspane.properties
[01:44:17] [Client thread/INFO]: [OptiFine] ConnectedTextures: mcpatcher/ctm/default/sandstone.properties
[01:44:17] [Client thread/INFO]: [OptiFine] Multipass connected textures: false
[01:44:17] [Client thread/INFO]: [OptiFine] BetterGrass: Parsing default configuration optifine/bettergrass.properties
[01:44:18] [Client thread/INFO]: Created: 1024x512 textures-atlas
[01:44:18] [Client thread/INFO]: [OptiFine] Animated sprites: 11
[01:44:18] [Client thread/INFO]: [OptiFine] (Reflector) Class not present: net.minecraftforge.client.model.ModelLoader
[01:44:18] [Client thread/INFO]: [OptiFine] (Reflector) Class not present: net.minecraftforge.client.ItemModelMesherForge
[01:44:18] [Client thread/INFO]: [OptiFine] (Reflector) Class not present: net.minecraftforge.fml.client.registry.RenderingRegistry
[01:44:18] [Client thread/INFO]: [OptiFine] (Reflector) Class not present: net.minecraftforge.common.ForgeModContainer
[01:44:19] [Client thread/ERROR]: Realms module missing
java.lang.ClassNotFoundException: com.mojang.realmsclient.gui.screens.RealmsNotificationsScreen
	at java.net.URLClassLoader.findClass(URLClassLoader.java:387) ~[?:1.8.0_392]
	at java.lang.ClassLoader.loadClass(ClassLoader.java:418) ~[?:1.8.0_392]
	at sun.misc.Launcher$AppClassLoader.loadClass(Launcher.java:352) ~[?:1.8.0_392]
	at java.lang.ClassLoader.loadClass(ClassLoader.java:351) ~[?:1.8.0_392]
	at java.lang.Class.forName0(Native Method) ~[?:1.8.0_392]
	at java.lang.Class.forName(Class.java:264) ~[?:1.8.0_392]
	at net.minecraft.realms.RealmsBridge.getNotificationScreen(RealmsBridge.java:38) [classes/:?]
	at net.minecraft.client.gui.GuiMainMenu.initGui(GuiMainMenu.java:182) [classes/:?]
	at net.minecraft.client.gui.GuiScreen.setWorldAndResolution(GuiScreen.java:483) [classes/:?]
	at net.minecraft.client.Minecraft.displayGuiScreen(Minecraft.java:729) [classes/:?]
	at net.minecraft.client.Minecraft.startGame(Minecraft.java:395) [classes/:?]
	at net.minecraft.client.Minecraft.run(Minecraft.java:255) [classes/:?]
	at net.minecraft.client.main.Main.main(Main.java:113) [classes/:?]
	at Start.main(Start.java:11) [classes/:?]
[01:44:19] [Client thread/INFO]: [OptiFine] (Reflector) Class not present: mods.betterfoliage.client.BetterFoliageClient
[01:44:19] [Client thread/INFO]: [OptiFine] (Reflector) Class not present: net.minecraftforge.fml.common.asm.transformers.BlamingTransformer
[01:44:19] [Client thread/INFO]: [OptiFine] (Reflector) Class not present: net.minecraftforge.event.world.ChunkWatchEvent$UnWatch
[01:44:19] [Client thread/INFO]: [OptiFine] (Reflector) Class not present: net.minecraftforge.fml.relauncher.CoreModManager
[01:44:19] [Client thread/INFO]: [OptiFine] (Reflector) Class not present: net.minecraftforge.common.DimensionManager
[01:44:19] [Client thread/INFO]: [OptiFine] (Reflector) Class not present: net.minecraftforge.client.event.GuiScreenEvent$DrawScreenEvent$Pre
[01:44:19] [Client thread/INFO]: [OptiFine] (Reflector) Class not present: net.minecraftforge.client.event.GuiScreenEvent$DrawScreenEvent$Post
[01:44:19] [Client thread/INFO]: [OptiFine] (Reflector) Class not present: net.minecraftforge.client.event.EntityViewRenderEvent$CameraSetup
[01:44:19] [Client thread/INFO]: [OptiFine] (Reflector) Class not present: net.minecraftforge.client.event.EntityViewRenderEvent$FogColors
[01:44:19] [Client thread/INFO]: [OptiFine] (Reflector) Class not present: net.minecraftforge.fml.common.eventhandler.Event
[01:44:19] [Client thread/INFO]: [OptiFine] (Reflector) Class not present: net.minecraftforge.fml.common.eventhandler.EventBus
[01:44:19] [Client thread/INFO]: [OptiFine] (Reflector) Class not present: net.minecraftforge.common.property.ExtendedBlockState
[01:44:19] [Client thread/INFO]: [OptiFine] (Reflector) Class not present: net.minecraftforge.fml.client.FMLClientHandler
[01:44:19] [Client thread/INFO]: [OptiFine] (Reflector) Class not present: net.minecraftforge.fml.common.FMLCommonHandler
[01:44:19] [Client thread/INFO]: [OptiFine] (Reflector) Method not present: net.minecraft.world.biome.BiomeGenBase.getWaterColorMultiplier
[01:44:19] [Client thread/INFO]: [OptiFine] (Reflector) Method not present: net.minecraft.block.Block.addDestroyEffects
[01:44:19] [Client thread/INFO]: [OptiFine] (Reflector) Method not present: net.minecraft.block.Block.addHitEffects
[01:44:19] [Client thread/INFO]: [OptiFine] (Reflector) Method not present: net.minecraft.block.Block.canCreatureSpawn
[01:44:19] [Client thread/INFO]: [OptiFine] (Reflector) Method not present: net.minecraft.block.Block.canRenderInLayer
[01:44:19] [Client thread/INFO]: [OptiFine] (Reflector) Method not present: net.minecraft.block.Block.doesSideBlockRendering
[01:44:19] [Client thread/INFO]: [OptiFine] (Reflector) Method not present: net.minecraft.block.Block.getBedDirection
[01:44:19] [Client thread/INFO]: [OptiFine] (Reflector) Method not present: net.minecraft.block.Block.getExtendedState
[01:44:19] [Client thread/INFO]: [OptiFine] (Reflector) Method not present: net.minecraft.block.Block.getLightOpacity
[01:44:19] [Client thread/INFO]: [OptiFine] (Reflector) Method not present: net.minecraft.block.Block.getLightValue
[01:44:19] [Client thread/INFO]: [OptiFine] (Reflector) Method not present: net.minecraft.block.Block.hasTileEntity
[01:44:19] [Client thread/INFO]: [OptiFine] (Reflector) Method not present: net.minecraft.block.Block.isAir
[01:44:19] [Client thread/INFO]: [OptiFine] (Reflector) Method not present: net.minecraft.block.Block.isBed
[01:44:19] [Client thread/INFO]: [OptiFine] (Reflector) Method not present: net.minecraft.block.Block.isBedFoot
[01:44:19] [Client thread/INFO]: [OptiFine] (Reflector) Method not present: net.minecraft.block.Block.isSideSolid
[01:44:19] [Client thread/INFO]: [OptiFine] (Reflector) Method not present: net.minecraft.world.ChunkCache.isSideSolid
[01:44:19] [Client thread/INFO]: [OptiFine] (Reflector) Method not present: net.minecraft.entity.Entity.canRiderInteract
[01:44:19] [Client thread/INFO]: [OptiFine] (Reflector) Field not present: net.minecraft.entity.Entity.captureDrops
[01:44:19] [Client thread/INFO]: [OptiFine] (Reflector) Field not present: net.minecraft.entity.Entity.capturedDrops
[01:44:19] [Client thread/INFO]: [OptiFine] (Reflector) Method not present: net.minecraft.entity.Entity.shouldRenderInPass
[01:44:19] [Client thread/INFO]: [OptiFine] (Reflector) Method not present: net.minecraft.entity.Entity.shouldRiderSit
[01:44:19] [Client thread/INFO]: [OptiFine] (Reflector) Class not present: net.minecraftforge.event.ForgeEventFactory
[01:44:19] [Client thread/INFO]: [OptiFine] (Reflector) Class not present: net.minecraftforge.common.ForgeHooks
[01:44:19] [Client thread/INFO]: [OptiFine] (Reflector) Field not present: net.minecraft.item.Item.delegate
[01:44:19] [Client thread/INFO]: [OptiFine] (Reflector) Method not present: net.minecraft.item.Item.getDurabilityForDisplay
[01:44:19] [Client thread/INFO]: [OptiFine] (Reflector) Method not present: net.minecraft.item.Item.getModel
[01:44:19] [Client thread/INFO]: [OptiFine] (Reflector) Method not present: net.minecraft.item.Item.onEntitySwing
[01:44:19] [Client thread/INFO]: [OptiFine] (Reflector) Method not present: net.minecraft.item.Item.shouldCauseReequipAnimation
[01:44:19] [Client thread/INFO]: [OptiFine] (Reflector) Method not present: net.minecraft.item.Item.showDurabilityBar
[01:44:19] [Client thread/INFO]: [OptiFine] (Reflector) Method not present: net.minecraft.potion.PotionEffect.isCurativeItem
[01:44:19] [Client thread/INFO]: [OptiFine] (Reflector) Method not present: net.minecraft.tileentity.TileEntity.canRenderBreaking
[01:44:19] [Client thread/INFO]: [OptiFine] (Reflector) Method not present: net.minecraft.tileentity.TileEntity.getRenderBoundingBox
[01:44:19] [Client thread/INFO]: [OptiFine] (Reflector) Method not present: net.minecraft.tileentity.TileEntity.hasFastRenderer
[01:44:19] [Client thread/INFO]: [OptiFine] (Reflector) Method not present: net.minecraft.tileentity.TileEntity.shouldRenderInPass
[01:44:19] [Client thread/INFO]: [OptiFine] (Reflector) Method not present: net.minecraft.world.World.countEntities
[01:44:19] [Client thread/INFO]: [OptiFine] (Reflector) Method not present: net.minecraft.world.World.getPerWorldStorage
[01:44:19] [Client thread/INFO]: [OptiFine] (Reflector) Method not present: net.minecraft.world.WorldProvider.getCloudRenderer
[01:44:19] [Client thread/INFO]: [OptiFine] (Reflector) Method not present: net.minecraft.world.WorldProvider.getSkyRenderer
[01:44:19] [Client thread/INFO]: [OptiFine] (Reflector) Method not present: net.minecraft.world.WorldProvider.getWeatherRenderer
[01:44:19] [Client thread/INFO]: [OptiFine] (Reflector) Method not present: net.minecraft.world.WorldProvider.getSaveFolder
[01:44:19] [Client thread/INFO]: [OptiFine] (Reflector) Class not present: net.minecraftforge.fml.client.GuiModList
[01:44:19] [Client thread/INFO]: [OptiFine] (Reflector) Class not present: net.minecraftforge.client.model.IColoredBakedQuad
[01:44:19] [Client thread/INFO]: [OptiFine] (Reflector) Class not present: net.minecraftforge.common.property.IExtendedBlockState
[01:44:19] [Client thread/INFO]: [OptiFine] (Reflector) Class not present: net.minecraftforge.client.model.IModel
[01:44:19] [Client thread/INFO]: [OptiFine] (Reflector) Class not present: net.minecraftforge.client.IRenderHandler
[01:44:19] [Client thread/INFO]: [OptiFine] (Reflector) Class not present: net.minecraftforge.client.model.pipeline.LightUtil
[01:44:19] [Client thread/INFO]: [OptiFine] (Reflector) Class not present: net.minecraftforge.common.MinecraftForge
[01:44:19] [Client thread/INFO]: [OptiFine] (Reflector) Class not present: net.minecraftforge.client.MinecraftForgeClient
[01:44:19] [Client thread/INFO]: [OptiFine] (Reflector) Class not present: net.minecraftforge.fml.common.ModContainer
[01:44:19] [Client thread/INFO]: [OptiFine] (Reflector) Class not present: net.minecraftforge.client.model.ModelLoader$VanillaLoader
[01:44:19] [Client thread/INFO]: [OptiFine] (Reflector) Class not present: net.minecraftforge.client.event.RenderBlockOverlayEvent$OverlayType
[01:44:19] [Client thread/INFO]: [OptiFine] (Reflector) Class not present: net.minecraftforge.client.event.RenderItemInFrameEvent
[01:44:19] [Client thread/INFO]: [OptiFine] (Reflector) Class not present: net.minecraftforge.client.event.RenderLivingEvent$Pre
[01:44:19] [Client thread/INFO]: [OptiFine] (Reflector) Class not present: net.minecraftforge.client.event.RenderLivingEvent$Post
[01:44:19] [Client thread/INFO]: [OptiFine] (Reflector) Class not present: net.minecraftforge.client.event.RenderLivingEvent$Specials$Pre
[01:44:19] [Client thread/INFO]: [OptiFine] (Reflector) Class not present: net.minecraftforge.client.event.RenderLivingEvent$Specials$Post
[01:44:19] [Client thread/INFO]: [OptiFine] (Reflector) Class not present: net.minecraftforge.event.world.WorldEvent$Load
[01:44:19] [Client thread/INFO]: [OptiFine] *** Reloading custom textures ***
[01:44:19] [Client thread/INFO]: [OptiFine] Enable face culling: acacia_leaves, birch_leaves, dark_oak_leaves, jungle_leaves, oak_leaves, spruce_leaves
[01:44:33] [Client thread/ERROR]: Realms module missing
java.lang.ClassNotFoundException: com.mojang.realmsclient.gui.screens.RealmsNotificationsScreen
	at java.net.URLClassLoader.findClass(URLClassLoader.java:387) ~[?:1.8.0_392]
	at java.lang.ClassLoader.loadClass(ClassLoader.java:418) ~[?:1.8.0_392]
	at sun.misc.Launcher$AppClassLoader.loadClass(Launcher.java:352) ~[?:1.8.0_392]
	at java.lang.ClassLoader.loadClass(ClassLoader.java:351) ~[?:1.8.0_392]
	at java.lang.Class.forName0(Native Method) ~[?:1.8.0_392]
	at java.lang.Class.forName(Class.java:264) ~[?:1.8.0_392]
	at net.minecraft.realms.RealmsBridge.getNotificationScreen(RealmsBridge.java:38) [classes/:?]
	at net.minecraft.client.gui.GuiMainMenu.initGui(GuiMainMenu.java:182) [classes/:?]
	at net.minecraft.client.gui.GuiScreen.setWorldAndResolution(GuiScreen.java:483) [classes/:?]
	at net.minecraft.client.Minecraft.displayGuiScreen(Minecraft.java:729) [classes/:?]
	at net.minecraft.client.gui.GuiSelectWorld.func_146615_e(GuiSelectWorld.java:165) [classes/:?]
	at net.minecraft.client.gui.GuiSelectWorld$List.elementClicked(GuiSelectWorld.java:257) [classes/:?]
	at net.minecraft.client.gui.GuiSlot.handleMouseInput(GuiSlot.java:299) [classes/:?]
	at net.minecraft.client.gui.GuiSelectWorld.handleMouseInput(GuiSelectWorld.java:74) [classes/:?]
	at net.minecraft.client.gui.GuiScreen.handleInput(GuiScreen.java:502) [classes/:?]
	at net.minecraft.client.Minecraft.runTick(Minecraft.java:1322) [classes/:?]
	at net.minecraft.client.Minecraft.runGameLoop(Minecraft.java:802) [classes/:?]
	at net.minecraft.client.Minecraft.run(Minecraft.java:268) [classes/:?]
	at net.minecraft.client.main.Main.main(Main.java:113) [classes/:?]
	at Start.main(Start.java:11) [classes/:?]
[01:44:33] [Server thread/INFO]: Starting integrated minecraft server version 1.9
[01:44:33] [Server thread/INFO]: Generating keypair
[01:44:33] [Server thread/INFO]: Preparing start region for level 0
[01:44:34] [Server thread/INFO]: Changing view distance to 8, from 10
[01:44:34] [Client thread/ERROR]: Realms module missing
java.lang.ClassNotFoundException: com.mojang.realmsclient.gui.screens.RealmsNotificationsScreen
	at java.net.URLClassLoader.findClass(URLClassLoader.java:387) ~[?:1.8.0_392]
	at java.lang.ClassLoader.loadClass(ClassLoader.java:418) ~[?:1.8.0_392]
	at sun.misc.Launcher$AppClassLoader.loadClass(Launcher.java:352) ~[?:1.8.0_392]
	at java.lang.ClassLoader.loadClass(ClassLoader.java:351) ~[?:1.8.0_392]
	at java.lang.Class.forName0(Native Method) ~[?:1.8.0_392]
	at java.lang.Class.forName(Class.java:264) ~[?:1.8.0_392]
	at net.minecraft.realms.RealmsBridge.getNotificationScreen(RealmsBridge.java:38) [classes/:?]
	at net.minecraft.client.gui.GuiMainMenu.initGui(GuiMainMenu.java:182) [classes/:?]
	at net.minecraft.client.gui.GuiScreen.setWorldAndResolution(GuiScreen.java:483) [classes/:?]
	at net.minecraft.client.Minecraft.displayGuiScreen(Minecraft.java:729) [classes/:?]
	at net.minecraft.client.Minecraft.launchIntegratedServer(Minecraft.java:1735) [classes/:?]
	at net.minecraft.client.gui.GuiSelectWorld.func_146615_e(GuiSelectWorld.java:186) [classes/:?]
	at net.minecraft.client.gui.GuiSelectWorld$List.elementClicked(GuiSelectWorld.java:257) [classes/:?]
	at net.minecraft.client.gui.GuiSlot.handleMouseInput(GuiSlot.java:299) [classes/:?]
	at net.minecraft.client.gui.GuiSelectWorld.handleMouseInput(GuiSelectWorld.java:74) [classes/:?]
	at net.minecraft.client.gui.GuiScreen.handleInput(GuiScreen.java:502) [classes/:?]
	at net.minecraft.client.Minecraft.runTick(Minecraft.java:1322) [classes/:?]
	at net.minecraft.client.Minecraft.runGameLoop(Minecraft.java:802) [classes/:?]
	at net.minecraft.client.Minecraft.run(Minecraft.java:268) [classes/:?]
	at net.minecraft.client.main.Main.main(Main.java:113) [classes/:?]
	at Start.main(Start.java:11) [classes/:?]
[01:44:34] [Server thread/INFO]: Player453[local:E:34f275fa] logged in with entity id 369 at (586.2626400700111, 68.16610926093821, 182.23685410584005)
[01:44:34] [Server thread/INFO]: Player453 joined the game
[01:45:54] [Client Shutdown Thread/INFO]: Stopping server
[01:45:54] [Client Shutdown Thread/INFO]: Saving players
